Requirement already satisfied: pip in /dtu/blackhole/08/213928/venv/lib/python3.11/site-packages (26.0.1)
Requirement already satisfied: duckdb in /dtu/blackhole/08/213928/venv/lib/python3.11/site-packages (1.5.0)
Requirement already satisfied: requests in /dtu/blackhole/08/213928/venv/lib/python3.11/site-packages (2.32.5)
Requirement already satisfied: geopandas in /dtu/blackhole/08/213928/venv/lib/python3.11/site-packages (1.1.3)
Requirement already satisfied: pyarrow in /dtu/blackhole/08/213928/venv/lib/python3.11/site-packages (23.0.1)
Requirement already satisfied: openpyxl in /dtu/blackhole/08/213928/venv/lib/python3.11/site-packages (3.1.5)
Requirement already satisfied: charset_normalizer<4,>=2 in /dtu/blackhole/08/213928/venv/lib/python3.11/site-packages (from requests) (3.4.6)
Requirement already satisfied: idna<4,>=2.5 in /dtu/blackhole/08/213928/venv/lib/python3.11/site-packages (from requests) (3.11)
Requirement already satisfied: urllib3<3,>=1.21.1 in /dtu/blackhole/08/213928/venv/lib/python3.11/site-packages (from requests) (2.6.3)
Requirement already satisfied: certifi>=2017.4.17 in /dtu/blackhole/08/213928/venv/lib/python3.11/site-packages (from requests) (2026.2.25)
Requirement already satisfied: numpy>=1.24 in /dtu/blackhole/08/213928/venv/lib/python3.11/site-packages (from geopandas) (2.4.3)
Requirement already satisfied: pyogrio>=0.7.2 in /dtu/blackhole/08/213928/venv/lib/python3.11/site-packages (from geopandas) (0.12.1)
Requirement already satisfied: packaging in /dtu/blackhole/08/213928/venv/lib/python3.11/site-packages (from geopandas) (26.0)
Requirement already satisfied: pandas>=2.0.0 in /dtu/blackhole/08/213928/venv/lib/python3.11/site-packages (from geopandas) (3.0.1)
Requirement already satisfied: pyproj>=3.5.0 in /dtu/blackhole/08/213928/venv/lib/python3.11/site-packages (from geopandas) (3.7.2)
Requirement already satisfied: shapely>=2.0.0 in /dtu/blackhole/08/213928/venv/lib/python3.11/site-packages (from geopandas) (2.1.2)
Requirement already satisfied: et-xmlfile in /dtu/blackhole/08/213928/venv/lib/python3.11/site-packages (from openpyxl) (2.0.0)
Requirement already satisfied: python-dateutil>=2.8.2 in /dtu/blackhole/08/213928/venv/lib/python3.11/site-packages (from pandas>=2.0.0->geopandas) (2.9.0.post0)
Requirement already satisfied: six>=1.5 in /dtu/blackhole/08/213928/venv/lib/python3.11/site-packages (from python-dateutil>=2.8.2->pandas>=2.0.0->geopandas) (1.17.0)
Finishing preprocessing files saved in processed_parquet_files directory
