Requirement already satisfied: pip in /dtu/blackhole/08/213928/venv/lib/python3.11/site-packages (26.1.2)
Requirement already satisfied: duckdb in /dtu/blackhole/08/213928/venv/lib/python3.11/site-packages (1.5.0)
Requirement already satisfied: requests in /dtu/blackhole/08/213928/venv/lib/python3.11/site-packages (2.32.5)
Requirement already satisfied: geopandas in /dtu/blackhole/08/213928/venv/lib/python3.11/site-packages (1.1.3)
Requirement already satisfied: pyarrow in /dtu/blackhole/08/213928/venv/lib/python3.11/site-packages (23.0.1)
Requirement already satisfied: openpyxl in /dtu/blackhole/08/213928/venv/lib/python3.11/site-packages (3.1.5)
Requirement already satisfied: relbench in /dtu/blackhole/08/213928/venv/lib/python3.11/site-packages (2.1.1)
Requirement already satisfied: charset_normalizer<4,>=2 in /dtu/blackhole/08/213928/venv/lib/python3.11/site-packages (from requests) (3.4.6)
Requirement already satisfied: idna<4,>=2.5 in /dtu/blackhole/08/213928/venv/lib/python3.11/site-packages (from requests) (3.11)
Requirement already satisfied: urllib3<3,>=1.21.1 in /dtu/blackhole/08/213928/venv/lib/python3.11/site-packages (from requests) (2.6.3)
Requirement already satisfied: certifi>=2017.4.17 in /dtu/blackhole/08/213928/venv/lib/python3.11/site-packages (from requests) (2026.2.25)
Requirement already satisfied: numpy>=1.24 in /dtu/blackhole/08/213928/venv/lib/python3.11/site-packages (from geopandas) (2.4.3)
Requirement already satisfied: pyogrio>=0.7.2 in /dtu/blackhole/08/213928/venv/lib/python3.11/site-packages (from geopandas) (0.12.1)
Requirement already satisfied: packaging in /dtu/blackhole/08/213928/venv/lib/python3.11/site-packages (from geopandas) (26.0)
Requirement already satisfied: pandas>=2.0.0 in /dtu/blackhole/08/213928/venv/lib/python3.11/site-packages (from geopandas) (3.0.1)
Requirement already satisfied: pyproj>=3.5.0 in /dtu/blackhole/08/213928/venv/lib/python3.11/site-packages (from geopandas) (3.7.2)
Requirement already satisfied: shapely>=2.0.0 in /dtu/blackhole/08/213928/venv/lib/python3.11/site-packages (from geopandas) (2.1.2)
Requirement already satisfied: et-xmlfile in /dtu/blackhole/08/213928/venv/lib/python3.11/site-packages (from openpyxl) (2.0.0)
Requirement already satisfied: pooch in /dtu/blackhole/08/213928/venv/lib/python3.11/site-packages (from relbench) (1.9.0)
Requirement already satisfied: scikit-learn<=1.6.1 in /dtu/blackhole/08/213928/venv/lib/python3.11/site-packages (from relbench) (1.6.1)
Requirement already satisfied: typing-extensions in /dtu/blackhole/08/213928/venv/lib/python3.11/site-packages (from relbench) (4.15.0)
Requirement already satisfied: datasets in /dtu/blackhole/08/213928/venv/lib/python3.11/site-packages (from relbench) (4.8.3)
Requirement already satisfied: scipy>=1.6.0 in /dtu/blackhole/08/213928/venv/lib/python3.11/site-packages (from scikit-learn<=1.6.1->relbench) (1.17.1)
Requirement already satisfied: joblib>=1.2.0 in /dtu/blackhole/08/213928/venv/lib/python3.11/site-packages (from scikit-learn<=1.6.1->relbench) (1.5.3)
Requirement already satisfied: threadpoolctl>=3.1.0 in /dtu/blackhole/08/213928/venv/lib/python3.11/site-packages (from scikit-learn<=1.6.1->relbench) (3.6.0)
Requirement already satisfied: python-dateutil>=2.8.2 in /dtu/blackhole/08/213928/venv/lib/python3.11/site-packages (from pandas>=2.0.0->geopandas) (2.9.0.post0)
Requirement already satisfied: six>=1.5 in /dtu/blackhole/08/213928/venv/lib/python3.11/site-packages (from python-dateutil>=2.8.2->pandas>=2.0.0->geopandas) (1.17.0)
Requirement already satisfied: filelock in /dtu/blackhole/08/213928/venv/lib/python3.11/site-packages (from datasets->relbench) (3.25.2)
Requirement already satisfied: dill<0.4.2,>=0.3.0 in /dtu/blackhole/08/213928/venv/lib/python3.11/site-packages (from datasets->relbench) (0.4.1)
Requirement already satisfied: httpx<1.0.0 in /dtu/blackhole/08/213928/venv/lib/python3.11/site-packages (from datasets->relbench) (0.28.1)
Requirement already satisfied: tqdm>=4.66.3 in /dtu/blackhole/08/213928/venv/lib/python3.11/site-packages (from datasets->relbench) (4.67.3)
Requirement already satisfied: xxhash in /dtu/blackhole/08/213928/venv/lib/python3.11/site-packages (from datasets->relbench) (3.6.0)
Requirement already satisfied: multiprocess<0.70.20 in /dtu/blackhole/08/213928/venv/lib/python3.11/site-packages (from datasets->relbench) (0.70.19)
Requirement already satisfied: fsspec<=2026.2.0,>=2023.1.0 in /dtu/blackhole/08/213928/venv/lib/python3.11/site-packages (from fsspec[http]<=2026.2.0,>=2023.1.0->datasets->relbench) (2026.2.0)
Requirement already satisfied: huggingface-hub<2.0,>=0.25.0 in /dtu/blackhole/08/213928/venv/lib/python3.11/site-packages (from datasets->relbench) (1.7.1)
Requirement already satisfied: pyyaml>=5.1 in /dtu/blackhole/08/213928/venv/lib/python3.11/site-packages (from datasets->relbench) (6.0.3)
Requirement already satisfied: aiohttp!=4.0.0a0,!=4.0.0a1 in /dtu/blackhole/08/213928/venv/lib/python3.11/site-packages (from fsspec[http]<=2026.2.0,>=2023.1.0->datasets->relbench) (3.13.3)
Requirement already satisfied: anyio in /dtu/blackhole/08/213928/venv/lib/python3.11/site-packages (from httpx<1.0.0->datasets->relbench) (4.12.1)
Requirement already satisfied: httpcore==1.* in /dtu/blackhole/08/213928/venv/lib/python3.11/site-packages (from httpx<1.0.0->datasets->relbench) (1.0.9)
Requirement already satisfied: h11>=0.16 in /dtu/blackhole/08/213928/venv/lib/python3.11/site-packages (from httpcore==1.*->httpx<1.0.0->datasets->relbench) (0.16.0)
Requirement already satisfied: hf-xet<2.0.0,>=1.4.2 in /dtu/blackhole/08/213928/venv/lib/python3.11/site-packages (from huggingface-hub<2.0,>=0.25.0->datasets->relbench) (1.4.2)
Requirement already satisfied: typer in /dtu/blackhole/08/213928/venv/lib/python3.11/site-packages (from huggingface-hub<2.0,>=0.25.0->datasets->relbench) (0.24.1)
Requirement already satisfied: aiohappyeyeballs>=2.5.0 in /dtu/blackhole/08/213928/venv/lib/python3.11/site-packages (from aiohttp!=4.0.0a0,!=4.0.0a1->fsspec[http]<=2026.2.0,>=2023.1.0->datasets->relbench) (2.6.1)
Requirement already satisfied: aiosignal>=1.4.0 in /dtu/blackhole/08/213928/venv/lib/python3.11/site-packages (from aiohttp!=4.0.0a0,!=4.0.0a1->fsspec[http]<=2026.2.0,>=2023.1.0->datasets->relbench) (1.4.0)
Requirement already satisfied: attrs>=17.3.0 in /dtu/blackhole/08/213928/venv/lib/python3.11/site-packages (from aiohttp!=4.0.0a0,!=4.0.0a1->fsspec[http]<=2026.2.0,>=2023.1.0->datasets->relbench) (26.1.0)
Requirement already satisfied: frozenlist>=1.1.1 in /dtu/blackhole/08/213928/venv/lib/python3.11/site-packages (from aiohttp!=4.0.0a0,!=4.0.0a1->fsspec[http]<=2026.2.0,>=2023.1.0->datasets->relbench) (1.8.0)
Requirement already satisfied: multidict<7.0,>=4.5 in /dtu/blackhole/08/213928/venv/lib/python3.11/site-packages (from aiohttp!=4.0.0a0,!=4.0.0a1->fsspec[http]<=2026.2.0,>=2023.1.0->datasets->relbench) (6.7.1)
Requirement already satisfied: propcache>=0.2.0 in /dtu/blackhole/08/213928/venv/lib/python3.11/site-packages (from aiohttp!=4.0.0a0,!=4.0.0a1->fsspec[http]<=2026.2.0,>=2023.1.0->datasets->relbench) (0.4.1)
Requirement already satisfied: yarl<2.0,>=1.17.0 in /dtu/blackhole/08/213928/venv/lib/python3.11/site-packages (from aiohttp!=4.0.0a0,!=4.0.0a1->fsspec[http]<=2026.2.0,>=2023.1.0->datasets->relbench) (1.23.0)
Requirement already satisfied: platformdirs>=2.5.0 in /dtu/blackhole/08/213928/venv/lib/python3.11/site-packages (from pooch->relbench) (4.9.4)
Requirement already satisfied: click>=8.2.1 in /dtu/blackhole/08/213928/venv/lib/python3.11/site-packages (from typer->huggingface-hub<2.0,>=0.25.0->datasets->relbench) (8.3.1)
Requirement already satisfied: shellingham>=1.3.0 in /dtu/blackhole/08/213928/venv/lib/python3.11/site-packages (from typer->huggingface-hub<2.0,>=0.25.0->datasets->relbench) (1.5.4)
Requirement already satisfied: rich>=12.3.0 in /dtu/blackhole/08/213928/venv/lib/python3.11/site-packages (from typer->huggingface-hub<2.0,>=0.25.0->datasets->relbench) (14.3.3)
Requirement already satisfied: annotated-doc>=0.0.2 in /dtu/blackhole/08/213928/venv/lib/python3.11/site-packages (from typer->huggingface-hub<2.0,>=0.25.0->datasets->relbench) (0.0.4)
Requirement already satisfied: markdown-it-py>=2.2.0 in /dtu/blackhole/08/213928/venv/lib/python3.11/site-packages (from rich>=12.3.0->typer->huggingface-hub<2.0,>=0.25.0->datasets->relbench) (4.0.0)
Requirement already satisfied: pygments<3.0.0,>=2.13.0 in /dtu/blackhole/08/213928/venv/lib/python3.11/site-packages (from rich>=12.3.0->typer->huggingface-hub<2.0,>=0.25.0->datasets->relbench) (2.19.2)
Requirement already satisfied: mdurl~=0.1 in /dtu/blackhole/08/213928/venv/lib/python3.11/site-packages (from markdown-it-py>=2.2.0->rich>=12.3.0->typer->huggingface-hub<2.0,>=0.25.0->datasets->relbench) (0.1.2)
Loaded first 180 days of AIS data into ais_raw
Creating vessel table with static info)
Creating vessel_details table (dynamic offsets only)
Creating voyage table 
Creating position table 
Installing spatial library
Inserting table for port
Creating port table 
Inserting table for vessel
Inserted table for vessel
Inserting into vessel_details
Inserted table for vessel_details
Inserting table for position
Inserting into position
Inserted table for position
Inserting table for voyage
Inserting  table for port
Inserted  table for port
Tables for maritime db created
