Wed Jun 10 01:11:12 2026       
+-----------------------------------------------------------------------------------------+
| NVIDIA-SMI 595.71.05              Driver Version: 595.71.05      CUDA Version: 13.2     |
+-----------------------------------------+------------------------+----------------------+
| GPU  Name                 Persistence-M | Bus-Id          Disp.A | Volatile Uncorr. ECC |
| Fan  Temp   Perf          Pwr:Usage/Cap |           Memory-Usage | GPU-Util  Compute M. |
|                                         |                        |               MIG M. |
|=========================================+========================+======================|
|   0  NVIDIA A100 80GB PCIe          On  |   00000000:65:00.0 Off |                    0 |
| N/A   35C    P0             44W /  300W |       0MiB /  81920MiB |      0%   E. Process |
|                                         |                        |             Disabled |
+-----------------------------------------+------------------------+----------------------+

+-----------------------------------------------------------------------------------------+
| Processes:                                                                              |
|  GPU   GI   CI              PID   Type   Process name                        GPU Memory |
|        ID   ID                                                               Usage      |
|=========================================================================================|
|  No running processes found                                                             |
+-----------------------------------------------------------------------------------------+
Train: {'log_loss': 0.24723423738596045, 'roc_auc': np.float64(0.9306652764122619)}
Val: {'log_loss': 0.1160844950205287, 'roc_auc': np.float64(0.9875342052478564)}
Test: {'log_loss': 0.28310485802394264, 'roc_auc': np.float64(0.9087988066491345)}
